Mar 31 08:00:01 my-server INFO: System boot complete.
Mar 31 08:05:22 my-server INFO: User 'admin' logged in.
Mar 31 08:10:05 my-server ERROR: Database connection failed (Timeout).
Mar 31 08:15:30 my-server WARNING: High CPU usage detected (85%).
Apr 06 21:10:00 my-server CRITICAL: Temperature High
Apr 06 21:10:00 my-server CRITICAL: Temperature High
Apr 06 21:10:00 my-server CRITICAL: Temperature Slightly high
Apr 06 21:11:00 my-server CRITICAL: Temperature Slightly high
Apr 06 21:11:00 my-server WARNING: Temperature Slightly high
Apr 06 21:11:00 my-server ERROR: Temperature Slightly high
Apr 06 21:11:00 my-server ERROR: Temperature Slightly high
Apr 06 21:10:00 my-server CRITICAL: Temperature Slightly high
Apr 06 21:11:00 my-server CRITICAL: Temperature Slightly high
Apr 06 21:11:00 my-server WARNING: Temperature Slightly high
Apr 06 21:11:00 my-server ERROR: Temperature Slightly high
Apr 06 21:11:00 my-server ERROR: Temperature Slightly high
Apr 06 21:11:00 my-server CRITICAL: Temperature Slightly high
Apr 06 21:11:00 my-server WARNING: Temperature Slightly high
Apr 06 21:11:00 my-server ERROR: Temperature Slightly high
Apr 06 21:11:00 my-server ERROR: Temperature Slightly high
Apr 06 21:11:00 my-server CRITICAL: Temperature Slightly high
Apr 06 21:11:00 my-server WARNING: Temperature Slightly high
Apr 06 21:11:00 my-server ERROR: Temperature Slightly high
Apr 06 21:11:00 my-server ERROR: Temperature Slightly high
Apr 06 21:11:00 my-server CRITICAL: Temperature Slightly high
Apr 06 21:11:00 my-server WARNING: Temperature Slightly high
Apr 06 21:11:00 my-server ERROR: Temperature Slightly high
Apr 06 21:11:00 my-server ERROR: Temperature Slightly high
Apr 06 21:11:00 my-server CRITICAL: Temperature Slightly high
Apr 06 21:11:00 my-server WARNING: Temperature Slightly high
Apr 06 21:11:00 my-server ERROR: Temperature Slightly high
Apr 06 21:11:00 my-server ERROR: Temperature Slightly high
